<?xml version="1.0" encoding="UTF-8"?>
<testsuite xmlns:xsi="http://www.w3.org/2001/XMLSchema-instance" xsi:noNamespaceSchemaLocation="https://maven.apache.org/surefire/maven-surefire-plugin/xsd/surefire-test-report-3.0.xsd" version="3.0" name="TestSuite" time="43.679" tests="3" errors="0" skipped="0" failures="1">
  <properties>
    <property name="sun.desktop" value="windows"/>
    <property name="awt.toolkit" value="sun.awt.windows.WToolkit"/>
    <property name="file.encoding.pkg" value="sun.io"/>
    <property name="java.specification.version" value="1.8"/>
    <property name="webdriver.chrome.driver" value="C:\jars selenium\chrome driver3\chromedriver.exe"/>
    <property name="sun.cpu.isalist" value="amd64"/>
    <property name="sun.jnu.encoding" value="Cp1252"/>
    <property name="java.class.path" value="C:\Users\rchimmiri\RealTimeProject\target\test-classes;C:\Users\rchimmiri\RealTimeProject\target\classes;C:\Users\rchimmiri\.m2\repository\org\apache\logging\log4j\log4j-api\2.13.0\log4j-api-2.13.0.jar;C:\Users\rchimmiri\.m2\repository\org\apache\logging\log4j\log4j-core\2.13.0\log4j-core-2.13.0.jar;C:\Users\rchimmiri\.m2\repository\junit\junit\3.8.1\junit-3.8.1.jar;C:\Users\rchimmiri\.m2\repository\org\seleniumhq\selenium\selenium-java\3.141.59\selenium-java-3.141.59.jar;C:\Users\rchimmiri\.m2\repository\org\seleniumhq\selenium\selenium-api\3.141.59\selenium-api-3.141.59.jar;C:\Users\rchimmiri\.m2\repository\org\seleniumhq\selenium\selenium-chrome-driver\3.141.59\selenium-chrome-driver-3.141.59.jar;C:\Users\rchimmiri\.m2\repository\org\seleniumhq\selenium\selenium-edge-driver\3.141.59\selenium-edge-driver-3.141.59.jar;C:\Users\rchimmiri\.m2\repository\org\seleniumhq\selenium\selenium-firefox-driver\3.141.59\selenium-firefox-driver-3.141.59.jar;C:\Users\rchimmiri\.m2\repository\org\seleniumhq\selenium\selenium-ie-driver\3.141.59\selenium-ie-driver-3.141.59.jar;C:\Users\rchimmiri\.m2\repository\org\seleniumhq\selenium\selenium-opera-driver\3.141.59\selenium-opera-driver-3.141.59.jar;C:\Users\rchimmiri\.m2\repository\org\seleniumhq\selenium\selenium-remote-driver\3.141.59\selenium-remote-driver-3.141.59.jar;C:\Users\rchimmiri\.m2\repository\org\seleniumhq\selenium\selenium-safari-driver\3.141.59\selenium-safari-driver-3.141.59.jar;C:\Users\rchimmiri\.m2\repository\org\seleniumhq\selenium\selenium-support\3.141.59\selenium-support-3.141.59.jar;C:\Users\rchimmiri\.m2\repository\net\bytebuddy\byte-buddy\1.8.15\byte-buddy-1.8.15.jar;C:\Users\rchimmiri\.m2\repository\org\apache\commons\commons-exec\1.3\commons-exec-1.3.jar;C:\Users\rchimmiri\.m2\repository\com\google\guava\guava\25.0-jre\guava-25.0-jre.jar;C:\Users\rchimmiri\.m2\repository\com\google\code\findbugs\jsr305\1.3.9\jsr305-1.3.9.jar;C:\Users\rchimmiri\.m2\repository\org\checkerframework\checker-compat-qual\2.0.0\checker-compat-qual-2.0.0.jar;C:\Users\rchimmiri\.m2\repository\com\google\errorprone\error_prone_annotations\2.1.3\error_prone_annotations-2.1.3.jar;C:\Users\rchimmiri\.m2\repository\com\google\j2objc\j2objc-annotations\1.1\j2objc-annotations-1.1.jar;C:\Users\rchimmiri\.m2\repository\org\codehaus\mojo\animal-sniffer-annotations\1.14\animal-sniffer-annotations-1.14.jar;C:\Users\rchimmiri\.m2\repository\com\squareup\okhttp3\okhttp\3.11.0\okhttp-3.11.0.jar;C:\Users\rchimmiri\.m2\repository\com\squareup\okio\okio\1.14.0\okio-1.14.0.jar;C:\Users\rchimmiri\.m2\repository\org\testng\testng\6.14.3\testng-6.14.3.jar;C:\Users\rchimmiri\.m2\repository\com\beust\jcommander\1.72\jcommander-1.72.jar;C:\Users\rchimmiri\.m2\repository\org\apache-extras\beanshell\bsh\2.0b6\bsh-2.0b6.jar;C:\Users\rchimmiri\.m2\repository\commons-io\commons-io\2.4\commons-io-2.4.jar;C:\Users\rchimmiri\.m2\repository\com\relevantcodes\extentreports\2.41.2\extentreports-2.41.2.jar;C:\Users\rchimmiri\.m2\repository\org\jsoup\jsoup\1.8.3\jsoup-1.8.3.jar;C:\Users\rchimmiri\.m2\repository\org\xerial\sqlite-jdbc\3.8.11.1\sqlite-jdbc-3.8.11.1.jar;C:\Users\rchimmiri\.m2\repository\org\freemarker\freemarker\2.3.23\freemarker-2.3.23.jar;C:\Users\rchimmiri\.m2\repository\org\mongodb\mongodb-driver\3.0.4\mongodb-driver-3.0.4.jar;C:\Users\rchimmiri\.m2\repository\org\mongodb\bson\3.0.4\bson-3.0.4.jar;C:\Users\rchimmiri\.m2\repository\org\mongodb\mongodb-driver-core\3.0.4\mongodb-driver-core-3.0.4.jar;C:\Users\rchimmiri\.m2\repository\com\aventstack\extentreports\3.0.6\extentreports-3.0.6.jar;C:\Users\rchimmiri\.m2\repository\org\apache\httpcomponents\httpclient\4.5.2\httpclient-4.5.2.jar;C:\Users\rchimmiri\.m2\repository\org\apache\httpcomponents\httpcore\4.4.4\httpcore-4.4.4.jar;C:\Users\rchimmiri\.m2\repository\commons-logging\commons-logging\1.2\commons-logging-1.2.jar;C:\Users\rchimmiri\.m2\repository\commons-codec\commons-codec\1.9\commons-codec-1.9.jar;C:\Users\rchimmiri\.m2\repository\org\apache\httpcomponents\httpmime\4.5.2\httpmime-4.5.2.jar;"/>
    <property name="java.vm.vendor" value="Amazon.com Inc."/>
    <property name="sun.arch.data.model" value="64"/>
    <property name="user.variant" value=""/>
    <property name="java.vendor.url" value="https://aws.amazon.com/corretto/"/>
    <property name="user.timezone" value="Asia/Calcutta"/>
    <property name="org.apache.logging.log4j.assignedSequences" value="695"/>
    <property name="java.vm.specification.version" value="1.8"/>
    <property name="os.name" value="Windows 10"/>
    <property name="user.country" value="US"/>
    <property name="sun.java.launcher" value="SUN_STANDARD"/>
    <property name="sun.boot.library.path" value="C:\Program Files\Amazon Corretto\jdk1.8.0_222\jre\bin"/>
    <property name="sun.java.command" value="C:\Users\rchimmiri\AppData\Local\Temp\surefire6407014880548357691\surefirebooter6277171281952696921.jar C:\Users\rchimmiri\AppData\Local\Temp\surefire6407014880548357691 2019-12-26T13-08-34_350-jvmRun1 surefire6708016583161784190tmp surefire_07053636997238113195tmp"/>
    <property name="surefire.test.class.path" value="C:\Users\rchimmiri\RealTimeProject\target\test-classes;C:\Users\rchimmiri\RealTimeProject\target\classes;C:\Users\rchimmiri\.m2\repository\org\apache\logging\log4j\log4j-api\2.13.0\log4j-api-2.13.0.jar;C:\Users\rchimmiri\.m2\repository\org\apache\logging\log4j\log4j-core\2.13.0\log4j-core-2.13.0.jar;C:\Users\rchimmiri\.m2\repository\junit\junit\3.8.1\junit-3.8.1.jar;C:\Users\rchimmiri\.m2\repository\org\seleniumhq\selenium\selenium-java\3.141.59\selenium-java-3.141.59.jar;C:\Users\rchimmiri\.m2\repository\org\seleniumhq\selenium\selenium-api\3.141.59\selenium-api-3.141.59.jar;C:\Users\rchimmiri\.m2\repository\org\seleniumhq\selenium\selenium-chrome-driver\3.141.59\selenium-chrome-driver-3.141.59.jar;C:\Users\rchimmiri\.m2\repository\org\seleniumhq\selenium\selenium-edge-driver\3.141.59\selenium-edge-driver-3.141.59.jar;C:\Users\rchimmiri\.m2\repository\org\seleniumhq\selenium\selenium-firefox-driver\3.141.59\selenium-firefox-driver-3.141.59.jar;C:\Users\rchimmiri\.m2\repository\org\seleniumhq\selenium\selenium-ie-driver\3.141.59\selenium-ie-driver-3.141.59.jar;C:\Users\rchimmiri\.m2\repository\org\seleniumhq\selenium\selenium-opera-driver\3.141.59\selenium-opera-driver-3.141.59.jar;C:\Users\rchimmiri\.m2\repository\org\seleniumhq\selenium\selenium-remote-driver\3.141.59\selenium-remote-driver-3.141.59.jar;C:\Users\rchimmiri\.m2\repository\org\seleniumhq\selenium\selenium-safari-driver\3.141.59\selenium-safari-driver-3.141.59.jar;C:\Users\rchimmiri\.m2\repository\org\seleniumhq\selenium\selenium-support\3.141.59\selenium-support-3.141.59.jar;C:\Users\rchimmiri\.m2\repository\net\bytebuddy\byte-buddy\1.8.15\byte-buddy-1.8.15.jar;C:\Users\rchimmiri\.m2\repository\org\apache\commons\commons-exec\1.3\commons-exec-1.3.jar;C:\Users\rchimmiri\.m2\repository\com\google\guava\guava\25.0-jre\guava-25.0-jre.jar;C:\Users\rchimmiri\.m2\repository\com\google\code\findbugs\jsr305\1.3.9\jsr305-1.3.9.jar;C:\Users\rchimmiri\.m2\repository\org\checkerframework\checker-compat-qual\2.0.0\checker-compat-qual-2.0.0.jar;C:\Users\rchimmiri\.m2\repository\com\google\errorprone\error_prone_annotations\2.1.3\error_prone_annotations-2.1.3.jar;C:\Users\rchimmiri\.m2\repository\com\google\j2objc\j2objc-annotations\1.1\j2objc-annotations-1.1.jar;C:\Users\rchimmiri\.m2\repository\org\codehaus\mojo\animal-sniffer-annotations\1.14\animal-sniffer-annotations-1.14.jar;C:\Users\rchimmiri\.m2\repository\com\squareup\okhttp3\okhttp\3.11.0\okhttp-3.11.0.jar;C:\Users\rchimmiri\.m2\repository\com\squareup\okio\okio\1.14.0\okio-1.14.0.jar;C:\Users\rchimmiri\.m2\repository\org\testng\testng\6.14.3\testng-6.14.3.jar;C:\Users\rchimmiri\.m2\repository\com\beust\jcommander\1.72\jcommander-1.72.jar;C:\Users\rchimmiri\.m2\repository\org\apache-extras\beanshell\bsh\2.0b6\bsh-2.0b6.jar;C:\Users\rchimmiri\.m2\repository\commons-io\commons-io\2.4\commons-io-2.4.jar;C:\Users\rchimmiri\.m2\repository\com\relevantcodes\extentreports\2.41.2\extentreports-2.41.2.jar;C:\Users\rchimmiri\.m2\repository\org\jsoup\jsoup\1.8.3\jsoup-1.8.3.jar;C:\Users\rchimmiri\.m2\repository\org\xerial\sqlite-jdbc\3.8.11.1\sqlite-jdbc-3.8.11.1.jar;C:\Users\rchimmiri\.m2\repository\org\freemarker\freemarker\2.3.23\freemarker-2.3.23.jar;C:\Users\rchimmiri\.m2\repository\org\mongodb\mongodb-driver\3.0.4\mongodb-driver-3.0.4.jar;C:\Users\rchimmiri\.m2\repository\org\mongodb\bson\3.0.4\bson-3.0.4.jar;C:\Users\rchimmiri\.m2\repository\org\mongodb\mongodb-driver-core\3.0.4\mongodb-driver-core-3.0.4.jar;C:\Users\rchimmiri\.m2\repository\com\aventstack\extentreports\3.0.6\extentreports-3.0.6.jar;C:\Users\rchimmiri\.m2\repository\org\apache\httpcomponents\httpclient\4.5.2\httpclient-4.5.2.jar;C:\Users\rchimmiri\.m2\repository\org\apache\httpcomponents\httpcore\4.4.4\httpcore-4.4.4.jar;C:\Users\rchimmiri\.m2\repository\commons-logging\commons-logging\1.2\commons-logging-1.2.jar;C:\Users\rchimmiri\.m2\repository\commons-codec\commons-codec\1.9\commons-codec-1.9.jar;C:\Users\rchimmiri\.m2\repository\org\apache\httpcomponents\httpmime\4.5.2\httpmime-4.5.2.jar;"/>
    <property name="sun.cpu.endian" value="little"/>
    <property name="user.home" value="C:\Users\rchimmiri"/>
    <property name="user.language" value="en"/>
    <property name="java.specification.vendor" value="Oracle Corporation"/>
    <property name="java.home" value="C:\Program Files\Amazon Corretto\jdk1.8.0_222\jre"/>
    <property name="basedir" value="C:\Users\rchimmiri\RealTimeProject"/>
    <property name="file.separator" value="\"/>
    <property name="line.separator" value="&#10;"/>
    <property name="java.vm.specification.vendor" value="Oracle Corporation"/>
    <property name="java.specification.name" value="Java Platform API Specification"/>
    <property name="java.awt.graphicsenv" value="sun.awt.Win32GraphicsEnvironment"/>
    <property name="surefire.real.class.path" value="C:\Users\rchimmiri\AppData\Local\Temp\surefire6407014880548357691\surefirebooter6277171281952696921.jar"/>
    <property name="sun.boot.class.path" value="C:\Program Files\Amazon Corretto\jdk1.8.0_222\jre\lib\resources.jar;C:\Program Files\Amazon Corretto\jdk1.8.0_222\jre\lib\rt.jar;C:\Program Files\Amazon Corretto\jdk1.8.0_222\jre\lib\sunrsasign.jar;C:\Program Files\Amazon Corretto\jdk1.8.0_222\jre\lib\jsse.jar;C:\Program Files\Amazon Corretto\jdk1.8.0_222\jre\lib\jce.jar;C:\Program Files\Amazon Corretto\jdk1.8.0_222\jre\lib\charsets.jar;C:\Program Files\Amazon Corretto\jdk1.8.0_222\jre\lib\jfr.jar;C:\Program Files\Amazon Corretto\jdk1.8.0_222\jre\classes"/>
    <property name="user.script" value=""/>
    <property name="sun.management.compiler" value="HotSpot 64-Bit Tiered Compilers"/>
    <property name="java.runtime.version" value="1.8.0_222-b10"/>
    <property name="user.name" value="rchimmiri"/>
    <property name="path.separator" value=";"/>
    <property name="os.version" value="10.0"/>
    <property name="java.endorsed.dirs" value="C:\Program Files\Amazon Corretto\jdk1.8.0_222\jre\lib\endorsed"/>
    <property name="java.runtime.name" value="OpenJDK Runtime Environment"/>
    <property name="file.encoding" value="Cp1252"/>
    <property name="java.vm.name" value="OpenJDK 64-Bit Server VM"/>
    <property name="localRepository" value="C:\Users\rchimmiri\.m2\repository"/>
    <property name="java.vendor.url.bug" value="https://github.com/corretto/corretto-8/issues/"/>
    <property name="java.io.tmpdir" value="C:\Users\RCHIMM~1\AppData\Local\Temp\"/>
    <property name="java.version" value="1.8.0_222"/>
    <property name="user.dir" value="C:\Users\rchimmiri\RealTimeProject"/>
    <property name="os.arch" value="amd64"/>
    <property name="java.vm.specification.name" value="Java Virtual Machine Specification"/>
    <property name="java.awt.printerjob" value="sun.awt.windows.WPrinterJob"/>
    <property name="sun.os.patch.level" value=""/>
    <property name="java.library.path" value="C:\Program Files\Amazon Corretto\jdk1.8.0_222\jre\bin;C:\windows\Sun\Java\bin;C:\windows\system32;C:\windows;C:\Program Files\Amazon Corretto\jdk1.8.0_222\bin;C:\Program Files (x86)\Common Files\Oracle\Java\javapath;C:\Program Files (x86)\Intel\Intel(R) Management Engine Components\iCLS\;C:\Program Files\Intel\Intel(R) Management Engine Components\iCLS\;C:\windows\system32;C:\windows;C:\windows\System32\Wbem;C:\windows\System32\WindowsPowerShell\v1.0\;C:\windows\System32\OpenSSH\;C:\Program Files\Intel\WiFi\bin\;C:\Program Files\Common Files\Intel\WirelessCommon\;C:\Program Files (x86)\Intel\Intel(R) Management Engine Components\DAL;C:\Program Files\Intel\Intel(R) Management Engine Components\DAL;C:\Program Files\PuTTY\;C:\Strawberry\c\bin;C:\Strawberry\perl\site\bin;C:\Strawberry\perl\bin;c:\tools\DevTools\nt40_x86.plt\bin;c:\tools\DevTools\UnxUtils\usr\local\wbin;C:\Program Files\AccuRevClient\bin;C:\Program Files\Microsoft SQL Server\Client SDK\ODBC\110\Tools\Binn\;C:\Program Files (x86)\Microsoft SQL Server\120\Tools\Binn\;C:\Program Files\Microsoft SQL Server\120\Tools\Binn\;C:\Program Files\Microsoft SQL Server\120\DTS\Binn\;C:\Program Files (x86)\Microsoft SQL Server\120\Tools\Binn\ManagementStudio\;C:\Program Files (x86)\Microsoft SQL Server\120\DTS\Binn\;C:\Program Files (x86)\Infor\BI\Repository\bin\;C:\Program Files (x86)\Infor\BI\OLAP\bin\;C:\Program Files\Infor\BI\OLAP\bin64\;C:\Program Files\Perforce;C:\Program Files (x86)\Microsoft SQL Server\150\DTS\Binn\;C:\jars selenium\Maven\apache-maven-3.6.3\bin;C:\Users\rchimmiri\AppData\Local\Microsoft\WindowsApps;C:\Program Files\Amazon Corretto\jdk1.8.0_212\bin;;."/>
    <property name="java.vm.info" value="mixed mode"/>
    <property name="java.vendor" value="Amazon.com Inc."/>
    <property name="java.vm.version" value="25.222-b10"/>
    <property name="java.ext.dirs" value="C:\Program Files\Amazon Corretto\jdk1.8.0_222\jre\lib\ext;C:\windows\Sun\Java\lib\ext"/>
    <property name="sun.io.unicode.encoding" value="UnicodeLittle"/>
    <property name="java.class.version" value="52.0"/>
  </properties>
  <testcase name="basis2" classname="Academy.assertstest" time="1.888">
    <failure message="expected [Infor Expense Management12] but found [Infor Expense Management]" type="java.lang.AssertionError"><![CDATA[java.lang.AssertionError: expected [Infor Expense Management12] but found [Infor Expense Management]
	at Academy.assertstest.basis2(assertstest.java:25)
]]></failure>
    <system-out><![CDATA[[TestNGContentHandler] [WARN] It is strongly recommended to add "<!DOCTYPE suite SYSTEM "http://testng.org/testng-1.0.dtd" >" at the top of your file, otherwise TestNG may fail or not work as expected.
chrome
]]></system-out>
    <system-err><![CDATA[Starting ChromeDriver 79.0.3945.36 (3582db32b33893869b8c1339e8f4d9ed1816f143-refs/branch-heads/3945@{#614}) on port 31220
Only local connections are allowed.
Please protect ports used by ChromeDriver and related test frameworks to prevent access by malicious code.
Dec 26, 2019 1:08:46 PM org.openqa.selenium.remote.ProtocolHandshake createSession
INFO: Detected dialect: W3C
]]></system-err>
  </testcase>
  <testcase name="basis1" classname="Academy.firstTest" time="14.321"/>
  <testcase name="basis1" classname="Academy.firstTest" time="11.932"/>
</testsuite>