<?xml version="1.0" encoding="UTF-8"?>
<!-- Generated by org.testng.reporters.JUnitReportReporter -->
<testsuite skipped="0" hostname="INHYNRCHIMMIRI1" name="Academy.test_01" tests="1" failures="0" timestamp="30 Jun 2020 11:03:05 GMT" time="29.938" errors="0">
  <testcase name="test" time="29.938" classname="Academy.test_01"/>
</testsuite> <!-- Academy.test_01 -->
