<?xml version="1.0" encoding="UTF-8"?>
<!-- Generated by org.testng.reporters.JUnitReportReporter -->
<testsuite skipped="0" hostname="INHYNRCHIMMIRI1" name="Academy.firstTest" tests="1" failures="0" timestamp="16 Apr 2020 12:23:20 GMT" time="190.828" errors="0">
  <testcase name="ExpenseReport" time="190.828" classname="Academy.firstTest"/>
</testsuite> <!-- Academy.firstTest -->
