<?xml version="1.0" encoding="UTF-8"?>
<!-- Generated by org.testng.reporters.JUnitReportReporter -->
<testsuite skipped="0" hostname="INHYNRCHIMMIRI1" name="Academy.firstTest" tests="2" failures="0" timestamp="26 Dec 2019 07:39:19 GMT" time="26.253" errors="0">
  <testcase name="basis1" time="11.933" classname="Academy.firstTest"/>
  <testcase name="basis1" time="14.320" classname="Academy.firstTest"/>
</testsuite> <!-- Academy.firstTest -->
